<?xml version="1.0" encoding="UTF-8"?>
<testng-results ignored="0" total="1" passed="1" failed="0" skipped="0">
  <reporter-output>
  </reporter-output>
  <suite started-at="2024-05-09T22:19:54 IST" name="Default suite" finished-at="2024-05-09T22:20:02 IST" duration-ms="8014">
    <groups>
      <group name="cucumber">
        <method signature="AbstractTestNGCucumberTests.runScenario(io.cucumber.testng.PickleWrapper,io.cucumber.testng.FeatureWrapper)[pri:0, instance:runner.testNGRunner@7dc19a70]" name="runScenario" class="io.cucumber.testng.AbstractTestNGCucumberTests"/>
      </group> <!-- cucumber -->
    </groups>
    <test started-at="2024-05-09T22:19:54 IST" name="Default test" finished-at="2024-05-09T22:20:02 IST" duration-ms="8014">
      <class name="runner.testNGRunner">
        <test-method is-config="true" signature="setUpClass()[pri:0, instance:runner.testNGRunner@7dc19a70]" started-at="2024-05-09T22:19:54 IST" name="setUpClass" finished-at="2024-05-09T22:19:55 IST" duration-ms="1412" status="PASS">
          <reporter-output>
          </reporter-output>
        </test-method> <!-- setUpClass -->
        <test-method signature="runScenario(io.cucumber.testng.PickleWrapper,io.cucumber.testng.FeatureWrapper)[pri:0, instance:runner.testNGRunner@7dc19a70]" started-at="2024-05-09T22:19:55 IST" name="runScenario" description="Runs Cucumber Scenarios" data-provider="scenarios" finished-at="2024-05-09T22:19:59 IST" duration-ms="3556" status="PASS">
          <params>
            <param index="0">
              <value>
                <![CDATA["GET: Test the Demo app"]]>
              </value>
            </param>
            <param index="1">
              <value>
                <![CDATA["Optional[GET: Automated Demo Tests]"]]>
              </value>
            </param>
          </params>
          <reporter-output>
          </reporter-output>
        </test-method> <!-- runScenario -->
        <test-method is-config="true" signature="tearDownClass()[pri:0, instance:runner.testNGRunner@7dc19a70]" started-at="2024-05-09T22:19:59 IST" name="tearDownClass" finished-at="2024-05-09T22:20:02 IST" duration-ms="2953" status="PASS">
          <reporter-output>
          </reporter-output>
        </test-method> <!-- tearDownClass -->
      </class> <!-- runner.testNGRunner -->
    </test> <!-- Default test -->
  </suite> <!-- Default suite -->
</testng-results>
