<?xml version="1.0" encoding="UTF-8"?>
<testng-results ignored="0" total="3" passed="3" failed="0" skipped="0">
  <reporter-output>
  </reporter-output>
  <suite started-at="2024-05-30T12:22:46 IST" name="Default suite" finished-at="2024-05-30T12:22:56 IST" duration-ms="9594">
    <groups>
      <group name="cucumber">
        <method signature="AbstractTestNGCucumberTests.runScenario(io.cucumber.testng.PickleWrapper,io.cucumber.testng.FeatureWrapper)[pri:0, instance:runner.testNGRunner@38145825]" name="runScenario" class="io.cucumber.testng.AbstractTestNGCucumberTests"/>
      </group> <!-- cucumber -->
    </groups>
    <test started-at="2024-05-30T12:22:46 IST" name="Default test" finished-at="2024-05-30T12:22:56 IST" duration-ms="9594">
      <class name="runner.testNGRunner">
        <test-method is-config="true" signature="setUpClass()[pri:0, instance:runner.testNGRunner@38145825]" started-at="2024-05-30T12:22:46 IST" name="setUpClass" finished-at="2024-05-30T12:22:48 IST" duration-ms="1864" status="PASS">
          <reporter-output>
          </reporter-output>
        </test-method> <!-- setUpClass -->
        <test-method signature="runScenario(io.cucumber.testng.PickleWrapper,io.cucumber.testng.FeatureWrapper)[pri:0, instance:runner.testNGRunner@38145825]" started-at="2024-05-30T12:22:48 IST" name="runScenario" description="Runs Cucumber Scenarios" data-provider="scenarios" finished-at="2024-05-30T12:22:51 IST" duration-ms="3363" status="PASS">
          <params>
            <param index="0">
              <value>
                <![CDATA["GET: Test the Demo app"]]>
              </value>
            </param>
            <param index="1">
              <value>
                <![CDATA["Optional[GET: Automated Demo Tests]"]]>
              </value>
            </param>
          </params>
          <reporter-output>
          </reporter-output>
        </test-method> <!-- runScenario -->
        <test-method signature="runScenario(io.cucumber.testng.PickleWrapper,io.cucumber.testng.FeatureWrapper)[pri:0, instance:runner.testNGRunner@38145825]" started-at="2024-05-30T12:22:51 IST" name="runScenario" description="Runs Cucumber Scenarios" data-provider="scenarios" finished-at="2024-05-30T12:22:52 IST" duration-ms="816" status="PASS">
          <params>
            <param index="0">
              <value>
                <![CDATA["POST: Test the Demo app"]]>
              </value>
            </param>
            <param index="1">
              <value>
                <![CDATA["Optional[POST: Automated Demo Test]"]]>
              </value>
            </param>
          </params>
          <reporter-output>
          </reporter-output>
        </test-method> <!-- runScenario -->
        <test-method signature="runScenario(io.cucumber.testng.PickleWrapper,io.cucumber.testng.FeatureWrapper)[pri:0, instance:runner.testNGRunner@38145825]" started-at="2024-05-30T12:22:52 IST" name="runScenario" description="Runs Cucumber Scenarios" data-provider="scenarios" finished-at="2024-05-30T12:22:53 IST" duration-ms="724" status="PASS">
          <params>
            <param index="0">
              <value>
                <![CDATA["PUT: Test the Demo app"]]>
              </value>
            </param>
            <param index="1">
              <value>
                <![CDATA["Optional[PUT: Automated Demo Tests]"]]>
              </value>
            </param>
          </params>
          <reporter-output>
          </reporter-output>
        </test-method> <!-- runScenario -->
        <test-method is-config="true" signature="tearDownClass()[pri:0, instance:runner.testNGRunner@38145825]" started-at="2024-05-30T12:22:53 IST" name="tearDownClass" finished-at="2024-05-30T12:22:56 IST" duration-ms="2730" status="PASS">
          <reporter-output>
          </reporter-output>
        </test-method> <!-- tearDownClass -->
      </class> <!-- runner.testNGRunner -->
    </test> <!-- Default test -->
  </suite> <!-- Default suite -->
</testng-results>
